<?xml version="1.0" encoding="utf-8"?><testsuites name="pytest tests"><testsuite name="pytest" errors="0" failures="0" skipped="0" tests="17" time="4.468" timestamp="2026-04-22T10:08:37.237478+00:00" hostname="agent-env-8442d2f9-3236-4735-850d-8b52e4496f52"><testcase classname="backend.tests.backend_test.TestAuth" name="test_register_returns_token_and_user" time="0.352" /><testcase classname="backend.tests.backend_test.TestAuth" name="test_register_duplicate_email_400" time="0.095" /><testcase classname="backend.tests.backend_test.TestAuth" name="test_login_success" time="0.328" /><testcase classname="backend.tests.backend_test.TestAuth" name="test_login_wrong_password_401" time="0.341" /><testcase classname="backend.tests.backend_test.TestAuth" name="test_me_requires_token" time="0.105" /><testcase classname="backend.tests.backend_test.TestAuth" name="test_me_invalid_token_401" time="0.098" /><testcase classname="backend.tests.backend_test.TestAuth" name="test_me_valid_token" time="0.104" /><testcase classname="backend.tests.backend_test.TestJobs" name="test_create_requires_auth" time="0.106" /><testcase classname="backend.tests.backend_test.TestJobs" name="test_create_validates_required" time="0.118" /><testcase classname="backend.tests.backend_test.TestJobs" name="test_create_default_status_applied" time="0.207" /><testcase classname="backend.tests.backend_test.TestJobs" name="test_list_structure_and_scoping" time="0.919" /><testcase classname="backend.tests.backend_test.TestJobs" name="test_filter_status" time="0.109" /><testcase classname="backend.tests.backend_test.TestJobs" name="test_pagination" time="0.103" /><testcase classname="backend.tests.backend_test.TestJobs" name="test_search_case_insensitive" time="0.206" /><testcase classname="backend.tests.backend_test.TestJobs" name="test_patch_status_workflow" time="0.539" /><testcase classname="backend.tests.backend_test.TestJobs" name="test_patch_other_user_404" time="0.204" /><testcase classname="backend.tests.backend_test.TestJobs" name="test_delete_own_and_missing" time="0.456" /></testsuite></testsuites>